<?xml version="1.0" encoding="UTF-8"?>
<!-- Generated by org.testng.reporters.JUnitReportReporter -->
<testsuite hostname="ELW5201" failures="0" tests="1" name="testngframework.HrmLeave" time="16.483" errors="0" timestamp="2022-10-07T00:47:15 IST" skipped="0">
  <testcase classname="testngframework.HrmLeave" name="Leave" time="16.483"/>
  <system-out/>
</testsuite> <!-- testngframework.HrmLeave -->
