<?xml version="1.0" encoding="UTF-8"?>
<!-- Generated by org.testng.reporters.JUnitReportReporter -->
<testsuite hostname="ELW5201" failures="0" tests="1" name="testngframework.HrmLogin" time="5.931" errors="0" timestamp="2022-10-12T12:53:19 IST" skipped="0">
  <testcase classname="testngframework.HrmLogin" name="login" time="5.931"/>
  <system-out/>
</testsuite> <!-- testngframework.HrmLogin -->
