<?xml version="1.0" encoding="UTF-8"?>
<!-- Generated by org.testng.reporters.JUnitReportReporter -->
<testsuite hostname="ELW5201" failures="0" tests="1" name="testngframework.HrmLogin" time="19.059" errors="0" timestamp="2022-10-07T00:48:05 IST" skipped="0">
  <testcase classname="testngframework.HrmLogin" name="login" time="19.059"/>
  <system-out/>
</testsuite> <!-- testngframework.HrmLogin -->
